<?xml version="1.0" encoding="UTF-8"?>
<!-- Generated by org.testng.reporters.JUnitXMLReporter -->
<testsuite ignored="0" hostname="Thanh-Binhs-MBP" failures="0" tests="4" name="Run on Firefox" time="17.006" errors="0" timestamp="06 Aug 2023 04:24:03 GMT">
  <testcase classname="com.nopcommerce.user.Level_12_Dynamic_Locator_Rest_Parameter" name="User_01_Register_Success" time="2.485"/>
  <testcase classname="com.nopcommerce.user.Level_12_Dynamic_Locator_Rest_Parameter" name="User_02_Login_Success" time="2.94"/>
  <testcase classname="com.nopcommerce.user.Level_12_Dynamic_Locator_Rest_Parameter" name="User_03_Switch_Multiple_Page" time="3.4"/>
  <testcase classname="com.nopcommerce.user.Level_12_Dynamic_Locator_Rest_Parameter" name="User_04_Switch_Multiple_Page" time="1.078"/>
</testsuite> <!-- Run on Firefox -->
