<?xml version="1.0" encoding="UTF-8"?>
<testng-results ignored="0" total="1" passed="1" failed="0" skipped="0">
  <reporter-output>
  </reporter-output>
  <suite started-at="2023-08-13T03:54:28Z" name="DataTable - DataGrid" finished-at="2023-08-13T03:56:26Z" duration-ms="118162">
    <groups>
    </groups>
    <test started-at="2023-08-13T03:54:28Z" name="Run on Firefox" finished-at="2023-08-13T03:56:26Z" duration-ms="118162">
      <class name="com.jquery.table.Level_13_Handle_Data_Table">
        <test-method is-config="true" signature="beforeClass(java.lang.String, java.lang.String)[pri:0, instance:com.jquery.table.Level_13_Handle_Data_Table@131ef10]" started-at="2023-08-13T03:54:28Z" name="beforeClass" finished-at="2023-08-13T03:54:38Z" duration-ms="9484" status="PASS">
          <params>
            <param index="0">
              <value>
                <![CDATA[firefox]]>
              </value>
            </param>
            <param index="1">
              <value>
                <![CDATA[https://www.jqueryscript.net/demo/CRUD-Data-Grid-Plugin-jQuery-Quickgrid/]]>
              </value>
            </param>
          </params>
          <reporter-output>
          </reporter-output>
        </test-method> <!-- beforeClass -->
        <test-method signature="TC_05_Action_By_Index()[pri:0, instance:com.jquery.table.Level_13_Handle_Data_Table@131ef10]" started-at="2023-08-13T03:54:38Z" name="TC_05_Action_By_Index" finished-at="2023-08-13T03:56:26Z" duration-ms="108660" status="PASS">
          <reporter-output>
          </reporter-output>
        </test-method> <!-- TC_05_Action_By_Index -->
        <test-method is-config="true" signature="afterClass()[pri:0, instance:com.jquery.table.Level_13_Handle_Data_Table@131ef10]" started-at="2023-08-13T03:56:26Z" name="afterClass" finished-at="2023-08-13T03:56:26Z" duration-ms="0" status="PASS">
          <reporter-output>
          </reporter-output>
        </test-method> <!-- afterClass -->
      </class> <!-- com.jquery.table.Level_13_Handle_Data_Table -->
    </test> <!-- Run on Firefox -->
  </suite> <!-- DataTable - DataGrid -->
</testng-results>
